
          -------------------------------------------------------
          Amber 22 SANDER                              2022
          -------------------------------------------------------

| Run on 09/28/2025 at 03:18:41

|   Executable path: sander
| Working directory: /Users/rippercus/Downloads/dendra2/prot
|          Hostname: Unknown
  [-O]verwriting output

File Assignments:
|  MDIN: min_local_solv.in                                                     
| MDOUT: min-local_solv_updated.out                                            
|INPCRD: solvated_complex_prot_updated.inpcrd                                  
|  PARM: solvated_complex_prot_updated.prmtop                                  
|RESTRT: min_local_solv_updated.rst                                            
|  REFC: solvated_complex_prot_updated.inpcrd                                  
| MDVEL: mdvel                                                                 
| MDFRC: mdfrc                                                                 
|  MDEN: mden                                                                  
| MDCRD: mdcrd                                                                 
|MDINFO: mdinfo                                                                
|  MTMD: mtmd                                                                  
|INPDIP: inpdip                                                                
|RSTDIP: rstdip                                                                
|INPTRA: inptraj                                                               


 Here is the input file:

local fix of 59–61 only                                                      
&cntrl                                                                         
  imin=1, ntmin=1,                                                             
  maxcyc=400, ncyc=200,                                                        
  ntb=1,                                                                       
  cut=10.0,                                                                    
  ntpr=50,                                                                     
  ntr=1, restraint_wt=500.0,                                                   
  restraintmask='!:59-61'                                                      
/                                                                              

--------------------------------------------------------------------------------
   1.  RESOURCE   USE: 
--------------------------------------------------------------------------------

| Flags:                                                                        
 getting new box info from bottom of inpcrd
|  INFO: Old style inpcrd file read

| peek_ewald_inpcrd: Box info found
|Largest sphere to fit in unit cell has radius =    32.298
| New format PARM file being parsed.
| Version =    1.000 Date = 09/28/25 Time = 03:10:14
 NATOM  =   33494 NTYPES =      15 NBONH =   31702 MBONA  =    1842
 NTHETH =    4008 MTHETA =    2496 NPHIH =    8102 MPHIA  =    7759
 NHPARM =       0 NPARM  =       0 NNB   =   59588 NRES   =   10204
 NBONA  =    1842 NTHETA =    2496 NPHIA =    7759 NUMBND =      99
 NUMANG =     218 NPTRA  =     214 NATYP =      54 NPHB   =       0
 IFBOX  =       2 NMXRS  =      40 IFCAP =       0 NEXTRA =       0
 NCOPY  =       0


|     Memory Use     Allocated
|     Real             3583223
|     Hollerith         110688
|     Integer          1543649
|     Max Pairs       19292544
|     nblistReal        401928
|     nblist Int       1204370
|       Total           117662 kbytes

| Note: 1-4 EEL scale factors are being read from the topology file.

| Note: 1-4 VDW scale factors are being read from the topology file.
| Duplicated    0 dihedrals
| Duplicated    0 dihedrals

     BOX TYPE: TRUNCATED OCTAHEDRON

--------------------------------------------------------------------------------
   2.  CONTROL  DATA  FOR  THE  RUN
--------------------------------------------------------------------------------

default_name                                                                    

General flags:
     imin    =       1, nmropt  =       0

Nature and format of input:
     ntx     =       1, irest   =       0, ntrx    =       1

Nature and format of output:
     ntxo    =       2, ntpr    =      50, ntrx    =       1, ntwr    =       1
     iwrap   =       0, ntwx    =       0, ntwv    =       0, ntwe    =       0
     ioutfm  =       1, ntwprt  =       0, idecomp =       0, rbornstat=      0

Potential function:
     ntf     =       1, ntb     =       1, igb     =       0, nsnb    =      25
     ipol    =       0, gbsa    =       0, iesp    =       0
     dielc   =   1.00000, cut     =  10.00000, intdiel =   1.00000

Frozen or restrained atoms:
     ibelly  =       0, ntr     =       1
     restraint_wt = 500.00000

Energy minimization:
     maxcyc  =     400, ncyc    =     200, ntmin   =       1
     dx0     =   0.01000, drms    =   0.00010

Ewald parameters:
     verbose =       0, ew_type =       0, nbflag  =       1, use_pme =       1
     vdwmeth =       1, eedmeth =       1, netfrc  =       0
     Box X =   79.115   Box Y =   79.115   Box Z =   79.115
     Alpha =  109.471   Beta  =  109.471   Gamma =  109.471
     NFFT1 =   80       NFFT2 =   80       NFFT3 =   80
     Cutoff=   10.000   Tol   =0.100E-04
     Ewald Coefficient =  0.27511
     Interpolation order =    4

    LOADING THE CONSTRAINED ATOMS AS GROUPS


   5.  REFERENCE ATOM COORDINATES

  defa
     Mask !:59-61; matches 33422 atoms

--------------------------------------------------------------------------------
   3.  ATOMIC COORDINATES AND VELOCITIES
--------------------------------------------------------------------------------

default_name                                                                    
 begin time read from input coords =     0.000 ps

 Number of triangulated 3-point waters found:     9983

     Sum of charges from parm topology file =  -0.00000008
     Forcing neutrality...

--------------------------------------------------------------------------------
   4.  RESULTS
--------------------------------------------------------------------------------

 ---------------------------------------------------
 APPROXIMATING switch and d/dx switch using CUBIC SPLINE INTERPOLATION
 using   5000.0 points per unit in tabled values
 TESTING RELATIVE ERROR over r ranging from 0.0 to cutoff
| CHECK switch(x): max rel err =   0.3338E-14   at   2.509280
| CHECK d/dx switch(x): max rel err =   0.8155E-11   at   2.730040
 ---------------------------------------------------
| Local SIZE OF NONBOND LIST =   10650421
| TOTAL SIZE OF NONBOND LIST =   10650421


   NSTEP       ENERGY          RMS            GMAX         NAME    NUMBER
      1      -7.8548E+04     2.5452E+01     1.6294E+03     O       30432

 BOND    =    10650.2135  ANGLE   =      706.6209  DIHED      =     2564.2302
 VDWAALS =     9205.1473  EEL     =  -113281.7181  HBOND      =        0.0000
 1-4 VDW =     1045.8235  1-4 EEL =    10561.7800  RESTRAINT  =        0.0000


   NSTEP       ENERGY          RMS            GMAX         NAME    NUMBER
     50      -8.8200E+04     1.1045E-01     1.2575E+01     HA1       925

 BOND    =     4218.7406  ANGLE   =      759.5867  DIHED      =     2548.2767
 VDWAALS =     7932.7890  EEL     =  -119386.0159  HBOND      =        0.0000
 1-4 VDW =      978.1157  1-4 EEL =    10551.1395  RESTRAINT  =     4196.9455
 EAMBER  =   -92397.3678


   NSTEP       ENERGY          RMS            GMAX         NAME    NUMBER
    100      -8.8220E+04     1.0399E-01     5.0090E+00     HA1       925

 BOND    =     4217.1996  ANGLE   =      750.8688  DIHED      =     2548.2642
 VDWAALS =     7925.4436  EEL     =  -119395.6621  HBOND      =        0.0000
 1-4 VDW =      977.0505  1-4 EEL =    10554.3426  RESTRAINT  =     4202.4939
 EAMBER  =   -92422.4929


   NSTEP       ENERGY          RMS            GMAX         NAME    NUMBER
    150      -8.8226E+04     4.1125E-02     2.6419E+00     H28       938

 BOND    =     4217.9348  ANGLE   =      749.3556  DIHED      =     2548.8168
 VDWAALS =     7924.2159  EEL     =  -119397.0552  HBOND      =        0.0000
 1-4 VDW =      976.8389  1-4 EEL =    10554.9141  RESTRAINT  =     4199.1842
 EAMBER  =   -92424.9791


   NSTEP       ENERGY          RMS            GMAX         NAME    NUMBER
    200      -8.8229E+04     1.2001E-01     1.4151E+01     O       10773

 BOND    =     4219.3334  ANGLE   =      748.8130  DIHED      =     2549.1092
 VDWAALS =     7921.3696  EEL     =  -119398.2705  HBOND      =        0.0000
 1-4 VDW =      976.7207  1-4 EEL =    10554.9949  RESTRAINT  =     4198.8195
 EAMBER  =   -92427.9297


   NSTEP       ENERGY          RMS            GMAX         NAME    NUMBER
    250      -8.8239E+04     3.9023E-02     3.5532E+00     N         941

 BOND    =     4217.2168  ANGLE   =      749.3360  DIHED      =     2550.5170
 VDWAALS =     7916.3440  EEL     =  -119402.1674  HBOND      =        0.0000
 1-4 VDW =      976.0514  1-4 EEL =    10553.2231  RESTRAINT  =     4199.9996
 EAMBER  =   -92439.4791


   NSTEP       ENERGY          RMS            GMAX         NAME    NUMBER
    300      -8.8240E+04     2.7724E-02     2.4094E+00     N1H       917

 BOND    =     4217.2022  ANGLE   =      749.7209  DIHED      =     2550.7048
 VDWAALS =     7916.1683  EEL     =  -119403.0720  HBOND      =        0.0000
 1-4 VDW =      976.0357  1-4 EEL =    10552.9715  RESTRAINT  =     4199.9142
 EAMBER  =   -92440.2685


   NSTEP       ENERGY          RMS            GMAX         NAME    NUMBER
    350      -8.8241E+04     1.5340E-02     8.7555E-01     H2      10775

 BOND    =     4217.2513  ANGLE   =      749.7532  DIHED      =     2550.9009
 VDWAALS =     7916.0655  EEL     =  -119403.3959  HBOND      =        0.0000
 1-4 VDW =      975.9606  1-4 EEL =    10552.8071  RESTRAINT  =     4199.8785
 EAMBER  =   -92440.6572


   NSTEP       ENERGY          RMS            GMAX         NAME    NUMBER
    400      -8.8241E+04     5.4214E-03     4.7660E-01     H32       940

 BOND    =     4217.2272  ANGLE   =      750.2478  DIHED      =     2551.3987
 VDWAALS =     7916.1306  EEL     =  -119404.5861  HBOND      =        0.0000
 1-4 VDW =      975.7968  1-4 EEL =    10552.4114  RESTRAINT  =     4200.0595
 EAMBER  =   -92441.3736


  Maximum number of minimization cycles reached.


                    FINAL RESULTS



   NSTEP       ENERGY          RMS            GMAX         NAME    NUMBER
    400      -8.8241E+04     5.4214E-03     4.7660E-01     H32       940

 BOND    =     4217.2272  ANGLE   =      750.2478  DIHED      =     2551.3987
 VDWAALS =     7916.1306  EEL     =  -119404.5861  HBOND      =        0.0000
 1-4 VDW =      975.7968  1-4 EEL =    10552.4114  RESTRAINT  =     4200.0595
 EAMBER  =   -92441.3736

--------------------------------------------------------------------------------
   5.  TIMINGS
--------------------------------------------------------------------------------

|    Read coords time           0.01 ( 0.02% of Total)
|                Build the list             0.32 (96.57% of List )
|                Other                      0.01 ( 3.43% of List )
|             List time                  0.33 ( 0.75% of Nonbo)
|                   Short_ene time            36.83 (99.73% of Direc)
|                   Other                      0.10 ( 0.27% of Direc)
|                Direct Ewald time         36.93 (84.65% of Ewald)
|                Adjust Ewald time          0.16 ( 0.37% of Ewald)
|                   Fill Bspline coeffs        0.19 ( 2.88% of Recip)
|                   Fill charge grid           0.96 (14.82% of Recip)
|                   Scalar sum                 1.95 (29.99% of Recip)
|                   Grad sum                   1.28 (19.76% of Recip)
|                   FFT time                   2.11 (32.55% of Recip)
|                   Other                      0.00 ( 0.01% of Recip)
|                Recip Ewald time           6.49 (14.88% of Ewald)
|                Virial junk                0.02 ( 0.04% of Ewald)
|                Other                      0.03 ( 0.07% of Ewald)
|             Ewald time                43.63 (99.25% of Nonbo)
|          Nonbond force             43.96 (98.96% of Force)
|          Bond/Angle/Dihedral        0.44 ( 0.99% of Force)
|          Other                      0.02 ( 0.05% of Force)
|       Force time                44.43 (100.0% of Runmd)
|    Runmd Time                44.43 (99.08% of Total)
|    Other                      0.40 ( 0.90% of Total)
| Total time                44.84 (100.0% of ALL  )

| Number of list builds   :          2

| Highest rstack allocated:    2000200
| Highest istack allocated:      33494
|           Job began  at 03:18:41.421  on 09/28/2025
|           Setup done at 03:18:41.579  on 09/28/2025
|           Run   done at 03:19:26.261  on 09/28/2025
|     wallclock() was called   15252 times

|3D-RISM memory allocation summary
|Type          Maximum        Current   
|Integer       0.00000 GB     0.00000 GB
|Real          0.00000 GB     0.00000 GB
|Logical       0.00000 GB     0.00000 GB
|Character     0.00000 GB     0.00000 GB
|---------------------------------------
|Total         0.00000 GB     0.00000 GB
