
          -------------------------------------------------------
          Amber 22 SANDER                              2022
          -------------------------------------------------------

| Run on 11/07/2025 at 06:06:55

|   Executable path: sander
| Working directory: /Users/rippercus/Downloads/dendra2_copy_2/prot
|          Hostname: Unknown
  [-O]verwriting output

File Assignments:
|  MDIN: min-2.in                                                              
| MDOUT: min-2.out                                                             
|INPCRD: min-1.rst                                                             
|  PARM: solvated_complex_prot_updated.prmtop                                  
|RESTRT: min-2.rst                                                             
|  REFC: min-1.rst                                                             
| MDVEL: mdvel                                                                 
| MDFRC: mdfrc                                                                 
|  MDEN: mden                                                                  
| MDCRD: mdcrd                                                                 
|MDINFO: mdinfo                                                                
|  MTMD: mtmd                                                                  
|INPDIP: inpdip                                                                
|RSTDIP: rstdip                                                                
|INPTRA: inptraj                                                               


 Here is the input file:

Whole-system minimization with no restraints                                   
&cntrl                                                                         
  imin=1, ntmin=1,                                                             
  maxcyc=10000, ncyc=2000,                                                     
  ntb=1, cut=10.0,                                                             
  ntpr=100                                                                     
/                                                                              

--------------------------------------------------------------------------------
   1.  RESOURCE   USE: 
--------------------------------------------------------------------------------

| Flags:                                                                        
 getting box info from netcdf restart file
| NetCDF restart box info found
|Largest sphere to fit in unit cell has radius =    32.299
| New format PARM file being parsed.
| Version =    1.000 Date = 11/05/25 Time = 18:54:38
 NATOM  =   33493 NTYPES =      16 NBONH =   31700 MBONA  =    1842
 NTHETH =    4001 MTHETA =    2496 NPHIH =    8095 MPHIA  =    7762
 NHPARM =       0 NPARM  =       0 NNB   =   59570 NRES   =   10205
 NBONA  =    1842 NTHETA =    2496 NPHIA =    7762 NUMBND =      99
 NUMANG =     218 NPTRA  =     214 NATYP =      55 NPHB   =       0
 IFBOX  =       2 NMXRS  =      40 IFCAP =       0 NEXTRA =       0
 NCOPY  =       0


|     Memory Use     Allocated
|     Real             3399196
|     Hollerith         110686
|     Integer          1543363
|     Max Pairs       19291968
|     nblistReal        401916
|     nblist Int       1204282
|       Total           116220 kbytes

| Note: 1-4 EEL scale factors are being read from the topology file.

| Note: 1-4 VDW scale factors are being read from the topology file.
| Duplicated    0 dihedrals
| Duplicated    0 dihedrals

     BOX TYPE: TRUNCATED OCTAHEDRON

--------------------------------------------------------------------------------
   2.  CONTROL  DATA  FOR  THE  RUN
--------------------------------------------------------------------------------

default_name                                                                    

General flags:
     imin    =       1, nmropt  =       0

Nature and format of input:
     ntx     =       1, irest   =       0, ntrx    =       1

Nature and format of output:
     ntxo    =       2, ntpr    =     100, ntrx    =       1, ntwr    =       1
     iwrap   =       0, ntwx    =       0, ntwv    =       0, ntwe    =       0
     ioutfm  =       1, ntwprt  =       0, idecomp =       0, rbornstat=      0

Potential function:
     ntf     =       1, ntb     =       1, igb     =       0, nsnb    =      25
     ipol    =       0, gbsa    =       0, iesp    =       0
     dielc   =   1.00000, cut     =  10.00000, intdiel =   1.00000

Frozen or restrained atoms:
     ibelly  =       0, ntr     =       0

Energy minimization:
     maxcyc  =   10000, ncyc    =    2000, ntmin   =       1
     dx0     =   0.01000, drms    =   0.00010

Ewald parameters:
     verbose =       0, ew_type =       0, nbflag  =       1, use_pme =       1
     vdwmeth =       1, eedmeth =       1, netfrc  =       0
     Box X =   79.115   Box Y =   79.115   Box Z =   79.115
     Alpha =  109.471   Beta  =  109.471   Gamma =  109.471
     NFFT1 =   80       NFFT2 =   80       NFFT3 =   80
     Cutoff=   10.000   Tol   =0.100E-04
     Ewald Coefficient =  0.27511
     Interpolation order =    4
|  INFO: Old style inpcrd file read


--------------------------------------------------------------------------------
   3.  ATOMIC COORDINATES AND VELOCITIES
--------------------------------------------------------------------------------

default_name                                                                    
 begin time read from input coords =     0.000 ps

 Number of triangulated 3-point waters found:     9983

     Sum of charges from parm topology file =  -0.00000008
     Forcing neutrality...

--------------------------------------------------------------------------------
   4.  RESULTS
--------------------------------------------------------------------------------

 ---------------------------------------------------
 APPROXIMATING switch and d/dx switch using CUBIC SPLINE INTERPOLATION
 using   5000.0 points per unit in tabled values
 TESTING RELATIVE ERROR over r ranging from 0.0 to cutoff
| CHECK switch(x): max rel err =   0.3338E-14   at   2.509280
| CHECK d/dx switch(x): max rel err =   0.8155E-11   at   2.730040
 ---------------------------------------------------
| Local SIZE OF NONBOND LIST =   10696918
| TOTAL SIZE OF NONBOND LIST =   10696918


   NSTEP       ENERGY          RMS            GMAX         NAME    NUMBER
      1      -1.3259E+05     2.2891E-01     9.8757E+00     CG        804

 BOND    =    10083.4408  ANGLE   =      460.6103  DIHED      =     2496.1968
 VDWAALS =    24014.6667  EEL     =  -180687.5824  HBOND      =        0.0000
 1-4 VDW =      734.0819  1-4 EEL =    10312.1158  RESTRAINT  =        0.0000


   NSTEP       ENERGY          RMS            GMAX         NAME    NUMBER
    100      -1.3265E+05     2.4845E-01     3.2889E+01     CD       3314

 BOND    =    10098.2973  ANGLE   =      468.6021  DIHED      =     2496.2050
 VDWAALS =    24037.8195  EEL     =  -180756.4590  HBOND      =        0.0000
 1-4 VDW =      716.6024  1-4 EEL =    10285.0092  RESTRAINT  =        0.0000


   NSTEP       ENERGY          RMS            GMAX         NAME    NUMBER
    200      -1.3269E+05     2.0619E-01     9.0018E+00     H1      15621

 BOND    =    10104.2635  ANGLE   =      471.7928  DIHED      =     2493.8627
 VDWAALS =    24054.1354  EEL     =  -180798.4439  HBOND      =        0.0000
 1-4 VDW =      710.9030  1-4 EEL =    10271.1830  RESTRAINT  =        0.0000


   NSTEP       ENERGY          RMS            GMAX         NAME    NUMBER
    300      -1.3272E+05     1.6744E-01     6.9550E+00     C         696

 BOND    =    10109.0081  ANGLE   =      474.2642  DIHED      =     2491.4089
 VDWAALS =    24067.8434  EEL     =  -180835.1786  HBOND      =        0.0000
 1-4 VDW =      707.6028  1-4 EEL =    10262.2038  RESTRAINT  =        0.0000


   NSTEP       ENERGY          RMS            GMAX         NAME    NUMBER
    400      -1.3275E+05     1.4490E-01     1.1358E+01     CZ        122

 BOND    =    10111.8053  ANGLE   =      475.5594  DIHED      =     2489.1182
 VDWAALS =    24080.5974  EEL     =  -180867.1865  HBOND      =        0.0000
 1-4 VDW =      705.6111  1-4 EEL =    10255.3821  RESTRAINT  =        0.0000


   NSTEP       ENERGY          RMS            GMAX         NAME    NUMBER
    500      -1.3277E+05     6.8421E-02     5.6774E+00     CZ        122

 BOND    =    10115.2494  ANGLE   =      477.1450  DIHED      =     2487.1161
 VDWAALS =    24092.4292  EEL     =  -180898.2930  HBOND      =        0.0000
 1-4 VDW =      703.9569  1-4 EEL =    10250.3235  RESTRAINT  =        0.0000


   NSTEP       ENERGY          RMS            GMAX         NAME    NUMBER
    600      -1.3279E+05     8.8498E-02     4.6417E+00     CG       1312

 BOND    =    10118.1605  ANGLE   =      478.6471  DIHED      =     2485.3846
 VDWAALS =    24103.6117  EEL     =  -180926.8380  HBOND      =        0.0000
 1-4 VDW =      702.7059  1-4 EEL =    10245.9033  RESTRAINT  =        0.0000


   NSTEP       ENERGY          RMS            GMAX         NAME    NUMBER
    700      -1.3281E+05     7.0419E-02     3.6347E+00     CG       1312

 BOND    =    10120.7247  ANGLE   =      479.9688  DIHED      =     2483.9634
 VDWAALS =    24113.5917  EEL     =  -180952.7305  HBOND      =        0.0000
 1-4 VDW =      701.6365  1-4 EEL =    10242.0330  RESTRAINT  =        0.0000


   NSTEP       ENERGY          RMS            GMAX         NAME    NUMBER
    800      -1.3283E+05     1.9078E-01     2.8501E+01     CD        406

 BOND    =    10123.5630  ANGLE   =      481.3515  DIHED      =     2482.7925
 VDWAALS =    24122.5091  EEL     =  -180977.0359  HBOND      =        0.0000
 1-4 VDW =      700.7107  1-4 EEL =    10238.5143  RESTRAINT  =        0.0000


   NSTEP       ENERGY          RMS            GMAX         NAME    NUMBER
    900      -1.3285E+05     4.9660E-02     1.6424E+00     OD1      1710

 BOND    =    10125.5273  ANGLE   =      482.8994  DIHED      =     2481.7883
 VDWAALS =    24131.2617  EEL     =  -181001.7650  HBOND      =        0.0000
 1-4 VDW =      699.8578  1-4 EEL =    10235.3105  RESTRAINT  =        0.0000


   NSTEP       ENERGY          RMS            GMAX         NAME    NUMBER
   1000      -1.3286E+05     1.4994E-01     1.8399E+01     CD        406

 BOND    =    10128.3542  ANGLE   =      483.9473  DIHED      =     2480.8974
 VDWAALS =    24140.4247  EEL     =  -181026.2412  HBOND      =        0.0000
 1-4 VDW =      699.1007  1-4 EEL =    10232.5399  RESTRAINT  =        0.0000


   NSTEP       ENERGY          RMS            GMAX         NAME    NUMBER
   1100      -1.3288E+05     1.1054E-01     6.7718E+00     CG       1312

 BOND    =    10130.5749  ANGLE   =      484.6957  DIHED      =     2480.0619
 VDWAALS =    24148.5949  EEL     =  -181048.5511  HBOND      =        0.0000
 1-4 VDW =      698.4665  1-4 EEL =    10230.3484  RESTRAINT  =        0.0000


   NSTEP       ENERGY          RMS            GMAX         NAME    NUMBER
   1200      -1.3289E+05     6.6335E-02     4.6126E+00     CD        406

 BOND    =    10132.6280  ANGLE   =      485.3272  DIHED      =     2479.3134
 VDWAALS =    24156.0503  EEL     =  -181070.0851  HBOND      =        0.0000
 1-4 VDW =      697.8929  1-4 EEL =    10228.4904  RESTRAINT  =        0.0000


   NSTEP       ENERGY          RMS            GMAX         NAME    NUMBER
   1300      -1.3290E+05     4.7678E-02     1.5101E+00     CG       1312

 BOND    =    10134.7431  ANGLE   =      485.9492  DIHED      =     2478.5948
 VDWAALS =    24163.0879  EEL     =  -181091.3263  HBOND      =        0.0000
 1-4 VDW =      697.3921  1-4 EEL =    10226.9173  RESTRAINT  =        0.0000


   NSTEP       ENERGY          RMS            GMAX         NAME    NUMBER
   1400      -1.3292E+05     5.2728E-02     2.2045E+00     CG       1312

 BOND    =    10136.7891  ANGLE   =      486.6102  DIHED      =     2477.9250
 VDWAALS =    24169.9630  EEL     =  -181112.2861  HBOND      =        0.0000
 1-4 VDW =      696.9263  1-4 EEL =    10225.5488  RESTRAINT  =        0.0000


   NSTEP       ENERGY          RMS            GMAX         NAME    NUMBER
   1500      -1.3293E+05     4.6076E-02     1.5475E+00     H2       9541

 BOND    =    10138.7775  ANGLE   =      487.2842  DIHED      =     2477.2930
 VDWAALS =    24176.6081  EEL     =  -181133.0945  HBOND      =        0.0000
 1-4 VDW =      696.5131  1-4 EEL =    10224.3675  RESTRAINT  =        0.0000


   NSTEP       ENERGY          RMS            GMAX         NAME    NUMBER
   1600      -1.3295E+05     1.4237E-01     1.5422E+01     CD        406

 BOND    =    10141.1001  ANGLE   =      487.8802  DIHED      =     2476.7069
 VDWAALS =    24183.2831  EEL     =  -181154.1632  HBOND      =        0.0000
 1-4 VDW =      696.1624  1-4 EEL =    10223.3053  RESTRAINT  =        0.0000


   NSTEP       ENERGY          RMS            GMAX         NAME    NUMBER
   1700      -1.3296E+05     1.0689E-01     6.6926E+00     CD        406

 BOND    =    10142.9107  ANGLE   =      488.4966  DIHED      =     2476.2054
 VDWAALS =    24190.2337  EEL     =  -181175.1454  HBOND      =        0.0000
 1-4 VDW =      695.8465  1-4 EEL =    10222.2610  RESTRAINT  =        0.0000


   NSTEP       ENERGY          RMS            GMAX         NAME    NUMBER
   1800      -1.3297E+05     5.8871E-02     2.6690E+00     CG       1312

 BOND    =    10144.8735  ANGLE   =      488.9323  DIHED      =     2475.7436
 VDWAALS =    24197.3934  EEL     =  -181195.9571  HBOND      =        0.0000
 1-4 VDW =      695.6027  1-4 EEL =    10221.2005  RESTRAINT  =        0.0000


   NSTEP       ENERGY          RMS            GMAX         NAME    NUMBER
   1900      -1.3298E+05     4.3211E-02     1.2145E+00     H2       9541

 BOND    =    10146.7760  ANGLE   =      489.3891  DIHED      =     2475.3728
 VDWAALS =    24204.7175  EEL     =  -181216.1431  HBOND      =        0.0000
 1-4 VDW =      695.3738  1-4 EEL =    10220.0757  RESTRAINT  =        0.0000


   NSTEP       ENERGY          RMS            GMAX         NAME    NUMBER
   2000      -1.3300E+05     1.6206E-01     9.6040E+00     CG       1312

 BOND    =    10148.9229  ANGLE   =      489.8329  DIHED      =     2475.0907
 VDWAALS =    24211.7971  EEL     =  -181235.6012  HBOND      =        0.0000
 1-4 VDW =      695.1748  1-4 EEL =    10218.9689  RESTRAINT  =        0.0000


   NSTEP       ENERGY          RMS            GMAX         NAME    NUMBER
   2100      -1.3310E+05     1.1442E-01     5.2542E+00     CG       1472

 BOND    =    10167.1572  ANGLE   =      494.6682  DIHED      =     2471.8676
 VDWAALS =    24286.1417  EEL     =  -181421.1525  HBOND      =        0.0000
 1-4 VDW =      692.7679  1-4 EEL =    10207.6596  RESTRAINT  =        0.0000


   NSTEP       ENERGY          RMS            GMAX         NAME    NUMBER
   2200      -1.3313E+05     1.2250E-01     4.8482E+00     H1       4551

 BOND    =    10174.3442  ANGLE   =      496.0607  DIHED      =     2470.7650
 VDWAALS =    24303.5018  EEL     =  -181476.8130  HBOND      =        0.0000
 1-4 VDW =      691.8509  1-4 EEL =    10206.1227  RESTRAINT  =        0.0000


   NSTEP       ENERGY          RMS            GMAX         NAME    NUMBER
   2300      -1.3317E+05     7.2959E-01     8.3624E+01     H1      17142

 BOND    =    10199.6678  ANGLE   =      507.0007  DIHED      =     2471.4504
 VDWAALS =    24335.2860  EEL     =  -181581.5306  HBOND      =        0.0000
 1-4 VDW =      690.5642  1-4 EEL =    10202.7689  RESTRAINT  =        0.0000


   NSTEP       ENERGY          RMS            GMAX         NAME    NUMBER
   2400      -1.3324E+05     2.0566E-01     1.1217E+01     O       17141

 BOND    =    10187.8072  ANGLE   =      501.1253  DIHED      =     2468.7505
 VDWAALS =    24357.4130  EEL     =  -181639.7247  HBOND      =        0.0000
 1-4 VDW =      689.7106  1-4 EEL =    10199.2226  RESTRAINT  =        0.0000


   NSTEP       ENERGY          RMS            GMAX         NAME    NUMBER
   2500      -1.3327E+05     1.9948E-01     8.7818E+00     O        9944

 BOND    =    10196.4535  ANGLE   =      501.7469  DIHED      =     2467.1646
 VDWAALS =    24386.7416  EEL     =  -181709.1041  HBOND      =        0.0000
 1-4 VDW =      689.1374  1-4 EEL =    10196.6960  RESTRAINT  =        0.0000


   NSTEP       ENERGY          RMS            GMAX         NAME    NUMBER
   2600      -1.3330E+05     1.8397E-01     7.7869E+00     CB        451

 BOND    =    10204.3410  ANGLE   =      501.8556  DIHED      =     2465.6042
 VDWAALS =    24421.7155  EEL     =  -181779.9188  HBOND      =        0.0000
 1-4 VDW =      688.6011  1-4 EEL =    10193.7528  RESTRAINT  =        0.0000


   NSTEP       ENERGY          RMS            GMAX         NAME    NUMBER
   2700      -1.3334E+05     2.1841E-01     1.1578E+01     H1      29214

 BOND    =    10214.1394  ANGLE   =      501.9232  DIHED      =     2464.1217
 VDWAALS =    24459.3171  EEL     =  -181857.9203  HBOND      =        0.0000
 1-4 VDW =      688.2651  1-4 EEL =    10191.4237  RESTRAINT  =        0.0000


   NSTEP       ENERGY          RMS            GMAX         NAME    NUMBER
   2800      -1.3337E+05     1.4437E-01     5.4901E+00     C2        918

 BOND    =    10219.0763  ANGLE   =      501.0593  DIHED      =     2462.7558
 VDWAALS =    24491.9977  EEL     =  -181923.0347  HBOND      =        0.0000
 1-4 VDW =      688.3709  1-4 EEL =    10189.6762  RESTRAINT  =        0.0000


   NSTEP       ENERGY          RMS            GMAX         NAME    NUMBER
   2900      -1.3341E+05     1.5946E-01     7.4118E+00     C2        918

 BOND    =    10227.2223  ANGLE   =      501.9708  DIHED      =     2461.6377
 VDWAALS =    24533.0739  EEL     =  -182006.7892  HBOND      =        0.0000
 1-4 VDW =      687.8444  1-4 EEL =    10187.6650  RESTRAINT  =        0.0000


   NSTEP       ENERGY          RMS            GMAX         NAME    NUMBER
   3000      -1.3343E+05     9.1140E-02     4.0699E+00     O        9944

 BOND    =    10229.6445  ANGLE   =      501.5667  DIHED      =     2460.5267
 VDWAALS =    24547.4432  EEL     =  -182040.8089  HBOND      =        0.0000
 1-4 VDW =      687.6667  1-4 EEL =    10186.1667  RESTRAINT  =        0.0000


   NSTEP       ENERGY          RMS            GMAX         NAME    NUMBER
   3100      -1.3345E+05     1.0515E-01     5.1336E+00     CG       2554

 BOND    =    10231.2924  ANGLE   =      502.2195  DIHED      =     2459.0913
 VDWAALS =    24566.3928  EEL     =  -182077.9063  HBOND      =        0.0000
 1-4 VDW =      687.5509  1-4 EEL =    10184.3703  RESTRAINT  =        0.0000


   NSTEP       ENERGY          RMS            GMAX         NAME    NUMBER
   3200      -1.3347E+05     1.9653E-01     1.1618E+01     CG       2554

 BOND    =    10235.7153  ANGLE   =      502.7517  DIHED      =     2458.0558
 VDWAALS =    24580.2292  EEL     =  -182113.1970  HBOND      =        0.0000
 1-4 VDW =      687.1333  1-4 EEL =    10183.0554  RESTRAINT  =        0.0000


   NSTEP       ENERGY          RMS            GMAX         NAME    NUMBER
   3300      -1.3349E+05     9.3021E-02     4.4826E+00     CG       2554

 BOND    =    10237.2239  ANGLE   =      503.4656  DIHED      =     2457.1425
 VDWAALS =    24592.8216  EEL     =  -182144.5643  HBOND      =        0.0000
 1-4 VDW =      686.8495  1-4 EEL =    10181.9855  RESTRAINT  =        0.0000


   NSTEP       ENERGY          RMS            GMAX         NAME    NUMBER
   3400      -1.3350E+05     1.1532E-01     6.9673E+00     CG       2554

 BOND    =    10239.9545  ANGLE   =      503.8005  DIHED      =     2456.6638
 VDWAALS =    24600.8810  EEL     =  -182169.9463  HBOND      =        0.0000
 1-4 VDW =      686.5291  1-4 EEL =    10181.1209  RESTRAINT  =        0.0000


   NSTEP       ENERGY          RMS            GMAX         NAME    NUMBER
   3500      -1.3352E+05     9.9754E-02     8.1054E+00     CG        226

 BOND    =    10243.1186  ANGLE   =      503.5242  DIHED      =     2456.0942
 VDWAALS =    24608.8875  EEL     =  -182195.8006  HBOND      =        0.0000
 1-4 VDW =      686.2645  1-4 EEL =    10180.1512  RESTRAINT  =        0.0000


   NSTEP       ENERGY          RMS            GMAX         NAME    NUMBER
   3600      -1.3353E+05     1.5454E-01     1.2272E+01     H2       3979

 BOND    =    10246.4703  ANGLE   =      503.8124  DIHED      =     2455.5390
 VDWAALS =    24616.8645  EEL     =  -182219.9935  HBOND      =        0.0000
 1-4 VDW =      686.2400  1-4 EEL =    10179.3371  RESTRAINT  =        0.0000


   NSTEP       ENERGY          RMS            GMAX         NAME    NUMBER
   3700      -1.3356E+05     8.1662E-02     6.7785E+00     CD       1371

 BOND    =    10248.1443  ANGLE   =      503.6520  DIHED      =     2454.7487
 VDWAALS =    24633.0210  EEL     =  -182265.5141  HBOND      =        0.0000
 1-4 VDW =      686.1848  1-4 EEL =    10178.8722  RESTRAINT  =        0.0000


   NSTEP       ENERGY          RMS            GMAX         NAME    NUMBER
   3800      -1.3358E+05     7.0937E-02     3.3179E+00     CD       1371

 BOND    =    10249.1666  ANGLE   =      503.6940  DIHED      =     2454.3505
 VDWAALS =    24642.3819  EEL     =  -182294.9639  HBOND      =        0.0000
 1-4 VDW =      686.0630  1-4 EEL =    10178.0590  RESTRAINT  =        0.0000


   NSTEP       ENERGY          RMS            GMAX         NAME    NUMBER
   3900      -1.3361E+05     6.6657E-02     4.4781E+00     CG         85

 BOND    =    10252.2275  ANGLE   =      504.6891  DIHED      =     2453.9199
 VDWAALS =    24656.1606  EEL     =  -182334.9560  HBOND      =        0.0000
 1-4 VDW =      685.8544  1-4 EEL =    10176.8016  RESTRAINT  =        0.0000


   NSTEP       ENERGY          RMS            GMAX         NAME    NUMBER
   4000      -1.3363E+05     5.4735E-02     2.4585E+00     H1      15750

 BOND    =    10258.4683  ANGLE   =      505.2020  DIHED      =     2453.8812
 VDWAALS =    24665.5711  EEL     =  -182371.5038  HBOND      =        0.0000
 1-4 VDW =      685.7652  1-4 EEL =    10175.7505  RESTRAINT  =        0.0000


   NSTEP       ENERGY          RMS            GMAX         NAME    NUMBER
   4100      -1.3365E+05     5.8006E-02     2.2189E+00     CE1      1455

 BOND    =    10261.5850  ANGLE   =      505.6117  DIHED      =     2454.1267
 VDWAALS =    24673.2239  EEL     =  -182406.1867  HBOND      =        0.0000
 1-4 VDW =      685.9669  1-4 EEL =    10175.3291  RESTRAINT  =        0.0000


   NSTEP       ENERGY          RMS            GMAX         NAME    NUMBER
   4200      -1.3367E+05     4.8330E-02     2.4399E+00     H2       7879

 BOND    =    10263.0358  ANGLE   =      505.9440  DIHED      =     2454.3111
 VDWAALS =    24682.8304  EEL     =  -182437.1494  HBOND      =        0.0000
 1-4 VDW =      686.1236  1-4 EEL =    10175.2402  RESTRAINT  =        0.0000


   NSTEP       ENERGY          RMS            GMAX         NAME    NUMBER
   4300      -1.3369E+05     8.8819E-02     6.5492E+00     C2        918

 BOND    =    10266.2825  ANGLE   =      506.4751  DIHED      =     2454.2700
 VDWAALS =    24698.6015  EEL     =  -182476.4372  HBOND      =        0.0000
 1-4 VDW =      686.3407  1-4 EEL =    10175.5738  RESTRAINT  =        0.0000


   NSTEP       ENERGY          RMS            GMAX         NAME    NUMBER
   4400      -1.3371E+05     5.0060E-02     2.4218E+00     HZ2      2086

 BOND    =    10270.2802  ANGLE   =      506.5745  DIHED      =     2453.8765
 VDWAALS =    24718.0537  EEL     =  -182520.3542  HBOND      =        0.0000
 1-4 VDW =      686.4614  1-4 EEL =    10175.1515  RESTRAINT  =        0.0000


   NSTEP       ENERGY          RMS            GMAX         NAME    NUMBER
   4500      -1.3373E+05     7.3002E-02     4.4163E+00     HZ1      2085

 BOND    =    10273.9820  ANGLE   =      506.6681  DIHED      =     2453.8052
 VDWAALS =    24736.2342  EEL     =  -182565.8557  HBOND      =        0.0000
 1-4 VDW =      686.5565  1-4 EEL =    10175.0481  RESTRAINT  =        0.0000


   NSTEP       ENERGY          RMS            GMAX         NAME    NUMBER
   4600      -1.3375E+05     8.0234E-02     6.0945E+00     CG       1709

 BOND    =    10276.8976  ANGLE   =      506.5810  DIHED      =     2453.9660
 VDWAALS =    24750.1504  EEL     =  -182600.8173  HBOND      =        0.0000
 1-4 VDW =      686.6353  1-4 EEL =    10175.1572  RESTRAINT  =        0.0000


   NSTEP       ENERGY          RMS            GMAX         NAME    NUMBER
   4700      -1.3377E+05     5.9560E-02     4.0646E+00     HZ2      2086

 BOND    =    10280.7488  ANGLE   =      506.8023  DIHED      =     2454.0699
 VDWAALS =    24761.7038  EEL     =  -182632.2915  HBOND      =        0.0000
 1-4 VDW =      686.6499  1-4 EEL =    10175.2775  RESTRAINT  =        0.0000


   NSTEP       ENERGY          RMS            GMAX         NAME    NUMBER
   4800      -1.3379E+05     5.9064E-02     3.5501E+00     CD       2078

 BOND    =    10286.0502  ANGLE   =      506.7735  DIHED      =     2454.3118
 VDWAALS =    24776.7278  EEL     =  -182673.2968  HBOND      =        0.0000
 1-4 VDW =      686.7012  1-4 EEL =    10175.6658  RESTRAINT  =        0.0000


   NSTEP       ENERGY          RMS            GMAX         NAME    NUMBER
   4900      -1.3381E+05     5.0365E-02     3.0000E+00     CD       2078

 BOND    =    10289.6736  ANGLE   =      506.7161  DIHED      =     2454.7250
 VDWAALS =    24796.3643  EEL     =  -182714.8331  HBOND      =        0.0000
 1-4 VDW =      686.7289  1-4 EEL =    10175.6023  RESTRAINT  =        0.0000


   NSTEP       ENERGY          RMS            GMAX         NAME    NUMBER
   5000      -1.3383E+05     8.3097E-02     5.2449E+00     NZ       2084

 BOND    =    10293.6511  ANGLE   =      506.9343  DIHED      =     2455.4283
 VDWAALS =    24821.4713  EEL     =  -182764.4225  HBOND      =        0.0000
 1-4 VDW =      686.4152  1-4 EEL =    10175.1043  RESTRAINT  =        0.0000


   NSTEP       ENERGY          RMS            GMAX         NAME    NUMBER
   5100      -1.3383E+05     8.8532E-02     5.7488E+00     HE3      2083

 BOND    =    10297.3709  ANGLE   =      508.0302  DIHED      =     2455.2350
 VDWAALS =    24827.8375  EEL     =  -182784.2695  HBOND      =        0.0000
 1-4 VDW =      686.4413  1-4 EEL =    10174.4319  RESTRAINT  =        0.0000


   NSTEP       ENERGY          RMS            GMAX         NAME    NUMBER
   5200      -1.3384E+05     1.2030E-01     8.9358E+00     C2        918

 BOND    =    10297.2429  ANGLE   =      508.3081  DIHED      =     2455.1696
 VDWAALS =    24834.7376  EEL     =  -182799.3173  HBOND      =        0.0000
 1-4 VDW =      686.3828  1-4 EEL =    10173.8036  RESTRAINT  =        0.0000


   NSTEP       ENERGY          RMS            GMAX         NAME    NUMBER
   5300      -1.3385E+05     4.2830E-02     2.5869E+00     HZ1      2085

 BOND    =    10299.4606  ANGLE   =      507.2282  DIHED      =     2455.2385
 VDWAALS =    24841.3696  EEL     =  -182817.5571  HBOND      =        0.0000
 1-4 VDW =      686.4188  1-4 EEL =    10173.3308  RESTRAINT  =        0.0000


   NSTEP       ENERGY          RMS            GMAX         NAME    NUMBER
   5400      -1.3388E+05     4.5266E-02     2.8001E+00     HZ2      2086

 BOND    =    10305.0836  ANGLE   =      507.3504  DIHED      =     2455.4755
 VDWAALS =    24865.3677  EEL     =  -182870.7389  HBOND      =        0.0000
 1-4 VDW =      686.4866  1-4 EEL =    10172.4493  RESTRAINT  =        0.0000


   NSTEP       ENERGY          RMS            GMAX         NAME    NUMBER
   5500      -1.3389E+05     6.9032E-02     3.7953E+00     CG       3164

 BOND    =    10308.1713  ANGLE   =      507.3426  DIHED      =     2455.9553
 VDWAALS =    24881.0595  EEL     =  -182902.7034  HBOND      =        0.0000
 1-4 VDW =      686.6215  1-4 EEL =    10172.0121  RESTRAINT  =        0.0000


   NSTEP       ENERGY          RMS            GMAX         NAME    NUMBER
   5600      -1.3391E+05     3.7677E-02     2.1249E+00     HZ2      2086

 BOND    =    10311.2688  ANGLE   =      507.1637  DIHED      =     2456.3343
 VDWAALS =    24898.1254  EEL     =  -182939.7980  HBOND      =        0.0000
 1-4 VDW =      686.8797  1-4 EEL =    10172.8543  RESTRAINT  =        0.0000


   NSTEP       ENERGY          RMS            GMAX         NAME    NUMBER
   5700      -1.3392E+05     6.5236E-02     3.9930E+00     HZ2      2086

 BOND    =    10314.0031  ANGLE   =      507.2547  DIHED      =     2456.9627
 VDWAALS =    24910.6033  EEL     =  -182971.0882  HBOND      =        0.0000
 1-4 VDW =      686.8368  1-4 EEL =    10173.5337  RESTRAINT  =        0.0000


   NSTEP       ENERGY          RMS            GMAX         NAME    NUMBER
   5800      -1.3393E+05     7.5206E-02     5.3835E+00     C2        918

 BOND    =    10315.5735  ANGLE   =      507.0600  DIHED      =     2457.1373
 VDWAALS =    24921.8839  EEL     =  -182997.2972  HBOND      =        0.0000
 1-4 VDW =      687.0755  1-4 EEL =    10173.8044  RESTRAINT  =        0.0000


   NSTEP       ENERGY          RMS            GMAX         NAME    NUMBER
   5900      -1.3395E+05     3.0551E-02     2.2560E+00     C2        918

 BOND    =    10317.0542  ANGLE   =      506.8396  DIHED      =     2457.3187
 VDWAALS =    24930.0691  EEL     =  -183018.9832  HBOND      =        0.0000
 1-4 VDW =      687.0036  1-4 EEL =    10174.2741  RESTRAINT  =        0.0000


   NSTEP       ENERGY          RMS            GMAX         NAME    NUMBER
   6000      -1.3397E+05     5.8253E-02     5.3106E+00     C2        918

 BOND    =    10321.3356  ANGLE   =      506.8267  DIHED      =     2457.5842
 VDWAALS =    24954.3216  EEL     =  -183069.2649  HBOND      =        0.0000
 1-4 VDW =      687.0049  1-4 EEL =    10174.9802  RESTRAINT  =        0.0000


   NSTEP       ENERGY          RMS            GMAX         NAME    NUMBER
   6100      -1.3398E+05     5.9908E-02     3.7083E+00     H2       8089

 BOND    =    10322.9709  ANGLE   =      506.8424  DIHED      =     2457.6129
 VDWAALS =    24961.7288  EEL     =  -183088.6937  HBOND      =        0.0000
 1-4 VDW =      686.9024  1-4 EEL =    10175.2131  RESTRAINT  =        0.0000


   NSTEP       ENERGY          RMS            GMAX         NAME    NUMBER
   6200      -1.3399E+05     4.4455E-02     2.9158E+00     H1       8088

 BOND    =    10325.0692  ANGLE   =      506.9108  DIHED      =     2457.5898
 VDWAALS =    24971.4361  EEL     =  -183112.8246  HBOND      =        0.0000
 1-4 VDW =      686.7875  1-4 EEL =    10175.3209  RESTRAINT  =        0.0000


   NSTEP       ENERGY          RMS            GMAX         NAME    NUMBER
   6300      -1.3401E+05     4.5365E-02     1.6084E+00     HZ2      2086

 BOND    =    10328.2461  ANGLE   =      507.1338  DIHED      =     2457.9149
 VDWAALS =    24987.0050  EEL     =  -183154.4062  HBOND      =        0.0000
 1-4 VDW =      686.7028  1-4 EEL =    10175.6105  RESTRAINT  =        0.0000


   NSTEP       ENERGY          RMS            GMAX         NAME    NUMBER
   6400      -1.3403E+05     5.9521E-02     3.5591E+00     C2        918

 BOND    =    10330.6451  ANGLE   =      506.8795  DIHED      =     2458.7015
 VDWAALS =    25001.1174  EEL     =  -183189.6179  HBOND      =        0.0000
 1-4 VDW =      686.5559  1-4 EEL =    10175.2361  RESTRAINT  =        0.0000


   NSTEP       ENERGY          RMS            GMAX         NAME    NUMBER
   6500      -1.3405E+05     4.1422E-02     1.6209E+00     HZ2      2086

 BOND    =    10334.5249  ANGLE   =      506.5008  DIHED      =     2458.6114
 VDWAALS =    25016.6798  EEL     =  -183227.7058  HBOND      =        0.0000
 1-4 VDW =      686.5620  1-4 EEL =    10174.9600  RESTRAINT  =        0.0000


   NSTEP       ENERGY          RMS            GMAX         NAME    NUMBER
   6600      -1.3407E+05     1.2473E-01     7.6994E+00     H1      30129

 BOND    =    10338.1818  ANGLE   =      506.5356  DIHED      =     2458.8701
 VDWAALS =    25034.2159  EEL     =  -183268.6201  HBOND      =        0.0000
 1-4 VDW =      686.6675  1-4 EEL =    10174.3671  RESTRAINT  =        0.0000


   NSTEP       ENERGY          RMS            GMAX         NAME    NUMBER
   6700      -1.3409E+05     5.4794E-02     2.0024E+00     N        1885

 BOND    =    10339.8690  ANGLE   =      506.6244  DIHED      =     2458.6145
 VDWAALS =    25045.0473  EEL     =  -183298.0444  HBOND      =        0.0000
 1-4 VDW =      686.7587  1-4 EEL =    10174.8188  RESTRAINT  =        0.0000


   NSTEP       ENERGY          RMS            GMAX         NAME    NUMBER
   6800      -1.3410E+05     5.7604E-02     3.9761E+00     CG        804

 BOND    =    10344.0179  ANGLE   =      506.6414  DIHED      =     2458.6773
 VDWAALS =    25065.5113  EEL     =  -183341.1023  HBOND      =        0.0000
 1-4 VDW =      686.9283  1-4 EEL =    10175.1557  RESTRAINT  =        0.0000


   NSTEP       ENERGY          RMS            GMAX         NAME    NUMBER
   6900      -1.3412E+05     5.7480E-02     5.2740E+00     CG        804

 BOND    =    10347.8776  ANGLE   =      506.7751  DIHED      =     2458.8057
 VDWAALS =    25081.8895  EEL     =  -183376.6715  HBOND      =        0.0000
 1-4 VDW =      686.9373  1-4 EEL =    10175.3179  RESTRAINT  =        0.0000


   NSTEP       ENERGY          RMS            GMAX         NAME    NUMBER
   7000      -1.3414E+05     6.2330E-02     3.2090E+00     O       15935

 BOND    =    10349.8714  ANGLE   =      507.0159  DIHED      =     2459.1012
 VDWAALS =    25101.5270  EEL     =  -183416.9980  HBOND      =        0.0000
 1-4 VDW =      686.6806  1-4 EEL =    10175.2154  RESTRAINT  =        0.0000


   NSTEP       ENERGY          RMS            GMAX         NAME    NUMBER
   7100      -1.3415E+05     3.9117E-02     2.7270E+00     C2        918

 BOND    =    10357.6726  ANGLE   =      507.0831  DIHED      =     2459.5811
 VDWAALS =    25122.0441  EEL     =  -183461.8925  HBOND      =        0.0000
 1-4 VDW =      686.7118  1-4 EEL =    10175.6394  RESTRAINT  =        0.0000


   NSTEP       ENERGY          RMS            GMAX         NAME    NUMBER
   7200      -1.3417E+05     5.9143E-02     6.0234E+00     C2        918

 BOND    =    10361.9912  ANGLE   =      507.0845  DIHED      =     2460.6821
 VDWAALS =    25146.6116  EEL     =  -183508.6908  HBOND      =        0.0000
 1-4 VDW =      686.5376  1-4 EEL =    10176.0306  RESTRAINT  =        0.0000


   NSTEP       ENERGY          RMS            GMAX         NAME    NUMBER
   7300      -1.3418E+05     3.6181E-01     3.6618E+01     H1      13533

 BOND    =    10387.2711  ANGLE   =      507.6299  DIHED      =     2461.7558
 VDWAALS =    25160.3564  EEL     =  -183557.5369  HBOND      =        0.0000
 1-4 VDW =      686.4631  1-4 EEL =    10175.8472  RESTRAINT  =        0.0000


   NSTEP       ENERGY          RMS            GMAX         NAME    NUMBER
   7400      -1.3419E+05     9.4336E-02     4.0611E+00     C         445

 BOND    =    10366.1910  ANGLE   =      506.7402  DIHED      =     2461.9857
 VDWAALS =    25169.4327  EEL     =  -183560.9279  HBOND      =        0.0000
 1-4 VDW =      686.4575  1-4 EEL =    10176.6264  RESTRAINT  =        0.0000


   NSTEP       ENERGY          RMS            GMAX         NAME    NUMBER
   7500      -1.3420E+05     1.5994E-01     6.7291E+00     CE1      2288

 BOND    =    10372.1380  ANGLE   =      506.8514  DIHED      =     2462.3091
 VDWAALS =    25184.8837  EEL     =  -183591.9041  HBOND      =        0.0000
 1-4 VDW =      686.3170  1-4 EEL =    10176.5556  RESTRAINT  =        0.0000


   NSTEP       ENERGY          RMS            GMAX         NAME    NUMBER
   7600      -1.3421E+05     7.0218E-02     3.4187E+00     CG       1108

 BOND    =    10369.3803  ANGLE   =      506.6772  DIHED      =     2462.0339
 VDWAALS =    25198.6123  EEL     =  -183613.5985  HBOND      =        0.0000
 1-4 VDW =      686.3798  1-4 EEL =    10177.4536  RESTRAINT  =        0.0000


   NSTEP       ENERGY          RMS            GMAX         NAME    NUMBER
   7700      -1.3422E+05     7.1505E-02     2.7459E+00     C2        918

 BOND    =    10372.1249  ANGLE   =      506.6861  DIHED      =     2461.8669
 VDWAALS =    25206.8596  EEL     =  -183631.5429  HBOND      =        0.0000
 1-4 VDW =      686.3391  1-4 EEL =    10177.6868  RESTRAINT  =        0.0000


   NSTEP       ENERGY          RMS            GMAX         NAME    NUMBER
   7800      -1.3423E+05     1.3107E-01     8.0309E+00     H2      14818

 BOND    =    10375.7883  ANGLE   =      506.6066  DIHED      =     2461.8092
 VDWAALS =    25216.3270  EEL     =  -183654.6022  HBOND      =        0.0000
 1-4 VDW =      686.4658  1-4 EEL =    10178.3119  RESTRAINT  =        0.0000


   NSTEP       ENERGY          RMS            GMAX         NAME    NUMBER
   7900      -1.3424E+05     7.0335E-02     6.1907E+00     CG        804

 BOND    =    10375.9532  ANGLE   =      506.6630  DIHED      =     2461.5543
 VDWAALS =    25224.3408  EEL     =  -183669.7113  HBOND      =        0.0000
 1-4 VDW =      686.4298  1-4 EEL =    10178.1537  RESTRAINT  =        0.0000


   NSTEP       ENERGY          RMS            GMAX         NAME    NUMBER
   8000      -1.3424E+05     1.9491E-01     2.1260E+01     H2       8179

 BOND    =    10379.1744  ANGLE   =      507.0619  DIHED      =     2461.5259
 VDWAALS =    25237.3931  EEL     =  -183693.9027  HBOND      =        0.0000
 1-4 VDW =      686.3537  1-4 EEL =    10178.3014  RESTRAINT  =        0.0000


   NSTEP       ENERGY          RMS            GMAX         NAME    NUMBER
   8100      -1.3425E+05     1.2018E-01     1.1961E+01     C2        918

 BOND    =    10380.3441  ANGLE   =      506.6528  DIHED      =     2461.4513
 VDWAALS =    25249.7340  EEL     =  -183716.7094  HBOND      =        0.0000
 1-4 VDW =      686.4633  1-4 EEL =    10179.2276  RESTRAINT  =        0.0000


   NSTEP       ENERGY          RMS            GMAX         NAME    NUMBER
   8200      -1.3426E+05     2.5696E-02     1.1183E+00     O        5222

 BOND    =    10382.6116  ANGLE   =      506.4725  DIHED      =     2461.4640
 VDWAALS =    25254.8869  EEL     =  -183728.7569  HBOND      =        0.0000
 1-4 VDW =      686.4338  1-4 EEL =    10179.2130  RESTRAINT  =        0.0000


   NSTEP       ENERGY          RMS            GMAX         NAME    NUMBER
   8300      -1.3427E+05     9.1088E-02     5.3725E+00     H2       5596

 BOND    =    10388.3908  ANGLE   =      506.8207  DIHED      =     2461.5684
 VDWAALS =    25271.5735  EEL     =  -183759.3247  HBOND      =        0.0000
 1-4 VDW =      686.3568  1-4 EEL =    10179.1091  RESTRAINT  =        0.0000


   NSTEP       ENERGY          RMS            GMAX         NAME    NUMBER
   8400      -1.3428E+05     1.8960E-01     1.8504E+01     H1       6159

 BOND    =    10390.7107  ANGLE   =      506.6892  DIHED      =     2461.4499
 VDWAALS =    25292.2369  EEL     =  -183793.1892  HBOND      =        0.0000
 1-4 VDW =      686.3493  1-4 EEL =    10179.5502  RESTRAINT  =        0.0000


   NSTEP       ENERGY          RMS            GMAX         NAME    NUMBER
   8500      -1.3429E+05     5.8272E-02     2.1367E+00     CG        804

 BOND    =    10390.4006  ANGLE   =      506.7259  DIHED      =     2461.4044
 VDWAALS =    25295.6569  EEL     =  -183805.3167  HBOND      =        0.0000
 1-4 VDW =      686.3410  1-4 EEL =    10179.5289  RESTRAINT  =        0.0000


   NSTEP       ENERGY          RMS            GMAX         NAME    NUMBER
   8600      -1.3429E+05     9.6609E-02     5.9199E+00     O        6158

 BOND    =    10391.9126  ANGLE   =      506.6717  DIHED      =     2461.2963
 VDWAALS =    25306.5100  EEL     =  -183824.2839  HBOND      =        0.0000
 1-4 VDW =      686.3125  1-4 EEL =    10179.6207  RESTRAINT  =        0.0000


   NSTEP       ENERGY          RMS            GMAX         NAME    NUMBER
   8700      -1.3430E+05     6.7080E-02     4.4482E+00     CG       3197

 BOND    =    10393.6893  ANGLE   =      506.6457  DIHED      =     2461.0250
 VDWAALS =    25314.3837  EEL     =  -183841.2097  HBOND      =        0.0000
 1-4 VDW =      686.4396  1-4 EEL =    10180.0156  RESTRAINT  =        0.0000


   NSTEP       ENERGY          RMS            GMAX         NAME    NUMBER
   8800      -1.3431E+05     4.6082E-02     2.5935E+00     H1      32046

 BOND    =    10396.0162  ANGLE   =      506.6182  DIHED      =     2460.8491
 VDWAALS =    25328.0079  EEL     =  -183865.8122  HBOND      =        0.0000
 1-4 VDW =      686.4520  1-4 EEL =    10180.1399  RESTRAINT  =        0.0000


   NSTEP       ENERGY          RMS            GMAX         NAME    NUMBER
   8900      -1.3431E+05     8.3932E-02     7.3949E+00     CG        804

 BOND    =    10396.6906  ANGLE   =      506.6668  DIHED      =     2460.7063
 VDWAALS =    25331.2429  EEL     =  -183872.4139  HBOND      =        0.0000
 1-4 VDW =      686.4931  1-4 EEL =    10180.2428  RESTRAINT  =        0.0000


   NSTEP       ENERGY          RMS            GMAX         NAME    NUMBER
   9000      -1.3432E+05     1.1333E-01     4.7359E+00     CB        865

 BOND    =    10400.0107  ANGLE   =      507.1036  DIHED      =     2460.3810
 VDWAALS =    25346.6672  EEL     =  -183899.2082  HBOND      =        0.0000
 1-4 VDW =      686.3224  1-4 EEL =    10180.5054  RESTRAINT  =        0.0000


   NSTEP       ENERGY          RMS            GMAX         NAME    NUMBER
   9100      -1.3433E+05     7.1255E-02     4.1801E+00     O       15842

 BOND    =    10401.4523  ANGLE   =      507.8459  DIHED      =     2460.4438
 VDWAALS =    25350.0673  EEL     =  -183920.5101  HBOND      =        0.0000
 1-4 VDW =      686.0706  1-4 EEL =    10180.5600  RESTRAINT  =        0.0000


   NSTEP       ENERGY          RMS            GMAX         NAME    NUMBER
   9200      -1.3434E+05     1.1591E-01     6.2000E+00     CD       2557

 BOND    =    10401.9284  ANGLE   =      507.6964  DIHED      =     2460.2949
 VDWAALS =    25349.6258  EEL     =  -183927.6666  HBOND      =        0.0000
 1-4 VDW =      686.3531  1-4 EEL =    10180.5697  RESTRAINT  =        0.0000


   NSTEP       ENERGY          RMS            GMAX         NAME    NUMBER
   9300      -1.3435E+05     8.0156E-02     3.2521E+00     O       16427

 BOND    =    10403.6133  ANGLE   =      507.5512  DIHED      =     2460.1223
 VDWAALS =    25353.5026  EEL     =  -183940.3231  HBOND      =        0.0000
 1-4 VDW =      686.4975  1-4 EEL =    10180.6448  RESTRAINT  =        0.0000

     ... RESTARTED DUE TO LINMIN FAILURE ...


   NSTEP       ENERGY          RMS            GMAX         NAME    NUMBER
   9400      -1.3435E+05     2.9337E-02     1.1459E+00     HZ2        59

 BOND    =    10404.1579  ANGLE   =      507.1744  DIHED      =     2459.9408
 VDWAALS =    25357.3107  EEL     =  -183947.6717  HBOND      =        0.0000
 1-4 VDW =      686.5606  1-4 EEL =    10180.8102  RESTRAINT  =        0.0000


   NSTEP       ENERGY          RMS            GMAX         NAME    NUMBER
   9500      -1.3436E+05     8.6822E-02     8.5718E+00     O       14036

 BOND    =    10409.1714  ANGLE   =      506.8835  DIHED      =     2459.6324
 VDWAALS =    25372.6794  EEL     =  -183975.7085  HBOND      =        0.0000
 1-4 VDW =      686.6823  1-4 EEL =    10180.8557  RESTRAINT  =        0.0000


   NSTEP       ENERGY          RMS            GMAX         NAME    NUMBER
   9600      -1.3437E+05     8.8066E-02     5.7244E+00     H2      14056

 BOND    =    10409.9632  ANGLE   =      506.9567  DIHED      =     2459.4439
 VDWAALS =    25378.8890  EEL     =  -183989.3179  HBOND      =        0.0000
 1-4 VDW =      686.7501  1-4 EEL =    10180.7826  RESTRAINT  =        0.0000


   NSTEP       ENERGY          RMS            GMAX         NAME    NUMBER
   9700      -1.3437E+05     5.6890E-02     4.9966E+00     H1      14055

 BOND    =    10409.3238  ANGLE   =      506.9663  DIHED      =     2459.2609
 VDWAALS =    25384.1845  EEL     =  -183998.1238  HBOND      =        0.0000
 1-4 VDW =      686.8594  1-4 EEL =    10180.8787  RESTRAINT  =        0.0000


   NSTEP       ENERGY          RMS            GMAX         NAME    NUMBER
   9800      -1.3438E+05     5.1579E-02     4.4290E+00     H1      29124

 BOND    =    10411.7268  ANGLE   =      507.0279  DIHED      =     2458.9168
 VDWAALS =    25401.2095  EEL     =  -184028.4279  HBOND      =        0.0000
 1-4 VDW =      687.0140  1-4 EEL =    10180.9770  RESTRAINT  =        0.0000


   NSTEP       ENERGY          RMS            GMAX         NAME    NUMBER
   9900      -1.3439E+05     3.7730E-02     3.2021E+00     CD       2557

 BOND    =    10413.7437  ANGLE   =      506.9766  DIHED      =     2458.7757
 VDWAALS =    25410.7441  EEL     =  -184047.6095  HBOND      =        0.0000
 1-4 VDW =      687.0943  1-4 EEL =    10181.0025  RESTRAINT  =        0.0000


   NSTEP       ENERGY          RMS            GMAX         NAME    NUMBER
  10000      -1.3440E+05     4.6981E-02     2.9974E+00     O        9095

 BOND    =    10416.4687  ANGLE   =      506.7780  DIHED      =     2458.5440
 VDWAALS =    25429.8189  EEL     =  -184077.1064  HBOND      =        0.0000
 1-4 VDW =      687.2938  1-4 EEL =    10181.1645  RESTRAINT  =        0.0000


  Maximum number of minimization cycles reached.


                    FINAL RESULTS



   NSTEP       ENERGY          RMS            GMAX         NAME    NUMBER
  10000      -1.3440E+05     4.6981E-02     2.9974E+00     O        9095

 BOND    =    10416.4687  ANGLE   =      506.7780  DIHED      =     2458.5440
 VDWAALS =    25429.8189  EEL     =  -184077.1064  HBOND      =        0.0000
 1-4 VDW =      687.2938  1-4 EEL =    10181.1645  RESTRAINT  =        0.0000

--------------------------------------------------------------------------------
   5.  TIMINGS
--------------------------------------------------------------------------------

|                Build the list             5.01 (96.20% of List )
|                Other                      0.20 ( 3.80% of List )
|             List time                  5.21 ( 0.52% of Nonbo)
|                   Short_ene time           840.10 (99.74% of Direc)
|                   Other                      2.16 ( 0.26% of Direc)
|                Direct Ewald time        842.26 (84.64% of Ewald)
|                Adjust Ewald time          3.66 ( 0.37% of Ewald)
|                   Fill Bspline coeffs        4.31 ( 2.91% of Recip)
|                   Fill charge grid          21.21 (14.32% of Recip)
|                   Scalar sum                44.91 (30.32% of Recip)
|                   Grad sum                  29.57 (19.97% of Recip)
|                   FFT time                  48.11 (32.48% of Recip)
|                Recip Ewald time         148.10 (14.88% of Ewald)
|                Virial junk                0.36 ( 0.04% of Ewald)
|                Other                      0.71 ( 0.07% of Ewald)
|             Ewald time               995.10 (99.48% of Nonbo)
|          Nonbond force           1000.31 (99.00% of Force)
|          Bond/Angle/Dihedral       10.05 ( 0.99% of Force)
|       Force time              1010.40 (100.0% of Runmd)
|    Runmd Time              1010.40 (99.44% of Total)
|    Other                      5.66 ( 0.56% of Total)
| Total time              1016.06 (100.0% of ALL  )

| Number of list builds   :         34

| Highest rstack allocated:    2000173
| Highest istack allocated:      33493
|           Job began  at 06:06:55.015  on 11/07/2025
|           Setup done at 06:06:55.108  on 11/07/2025
|           Run   done at 06:23:51.077  on 11/07/2025
|     wallclock() was called  380116 times

|3D-RISM memory allocation summary
|Type          Maximum        Current   
|Integer       0.00000 GB     0.00000 GB
|Real          0.00000 GB     0.00000 GB
|Logical       0.00000 GB     0.00000 GB
|Character     0.00000 GB     0.00000 GB
|---------------------------------------
|Total         0.00000 GB     0.00000 GB
