2025-11-05 17:47:36,857 INFO:main.py:240:print_splash_screen:PDB2PQR v3.6.1: biomolecular structure conversion software.
2025-11-05 17:47:36,857 INFO:main.py:242:print_splash_screen:Please cite:  Jurrus E, et al.  Improvements to the APBS biomolecular solvation software suite.  Protein Sci 27 112-128 (2018).
2025-11-05 17:47:36,857 INFO:main.py:242:print_splash_screen:Please cite:  Dolinsky TJ, et al.  PDB2PQR: expanding and upgrading automated preparation of biomolecular structures for molecular simulations. Nucleic Acids Res 35 W522-W525 (2007).
2025-11-05 17:47:36,857 INFO:main.py:759:main_driver:Checking and transforming input arguments.
2025-11-05 17:47:36,857 INFO:main.py:763:main_driver:Loading topology files.
2025-11-05 17:47:36,905 INFO:main.py:765:main_driver:Loading molecule: protein_only.pdb
2025-11-05 17:47:36,914 INFO:main.py:770:main_driver:Setting up molecule.
2025-11-05 17:47:36,930 INFO:main.py:408:setup_molecule:Created biomolecule object with 220 residues and 3503 atoms.
2025-11-05 17:47:36,930 INFO:main.py:774:main_driver:Setting termini states for biomolecule chains.
2025-11-05 17:47:36,934 INFO:main.py:604:non_trivial:Loading forcefield.
2025-11-05 17:47:36,938 INFO:main.py:608:non_trivial:Loading hydrogen topology definitions.
2025-11-05 17:47:36,939 WARNING:biomolecule.py:157:num_missing_heavy:Missing atom OXT in residue VAL A 59
2025-11-05 17:47:36,939 WARNING:biomolecule.py:157:num_missing_heavy:Missing atom OXT in residue VAL A 59
2025-11-05 17:47:36,939 INFO:main.py:618:non_trivial:Attempting to repair 1 missing atoms in biomolecule.
2025-11-05 17:47:36,940 WARNING:biomolecule.py:157:num_missing_heavy:Missing atom OXT in residue VAL A 59
2025-11-05 17:47:36,940 INFO:biomolecule.py:1077:repair_heavy:Added atom OXT to residue VAL A 59 at coordinates -12.822, 1.053, 43.808
2025-11-05 17:47:36,941 INFO:main.py:623:non_trivial:Updating disulfide bridges.
2025-11-05 17:47:36,941 INFO:main.py:626:non_trivial:Debumping biomolecule.
2025-11-05 17:47:36,974 INFO:main.py:649:non_trivial:Adding hydrogens to biomolecule.
2025-11-05 17:47:36,974 INFO:main.py:652:non_trivial:Debumping biomolecule (again).
2025-11-05 17:47:37,007 INFO:main.py:654:non_trivial:Optimizing hydrogen bonds
2025-11-05 17:47:37,188 INFO:main.py:666:non_trivial:Applying force field to biomolecule states.
2025-11-05 17:47:37,189 INFO:main.py:713:non_trivial:Regenerating headers.
2025-11-05 17:47:37,190 INFO:main.py:738:non_trivial:Regenerating PDB lines.
2025-11-05 17:47:37,199 WARNING:main.py:311:print_pqr:Ignoring 391 header lines in output.
